<?xml version="1.0" encoding="utf-8"?><testsuites name="pytest tests"><testsuite name="pytest" errors="0" failures="0" skipped="0" tests="15" time="2.114" timestamp="2026-04-17T05:29:54.301403+00:00" hostname="agent-env-bb1b6bfe-c23f-44b6-a384-cd5d7d34e8aa"><testcase classname="backend.tests.test_rbp_api.TestHealthEndpoint" name="test_health_returns_ok" time="0.281" /><testcase classname="backend.tests.test_rbp_api.TestNavigationEndpoint" name="test_navigation_returns_primary_items" time="0.138" /><testcase classname="backend.tests.test_rbp_api.TestNavigationEndpoint" name="test_navigation_returns_utility_items" time="0.152" /><testcase classname="backend.tests.test_rbp_api.TestNavigationEndpoint" name="test_navigation_item_structure" time="0.139" /><testcase classname="backend.tests.test_rbp_api.TestArchitectureEndpoint" name="test_architecture_returns_app_owner" time="0.116" /><testcase classname="backend.tests.test_rbp_api.TestArchitectureEndpoint" name="test_architecture_returns_all_shells" time="0.143" /><testcase classname="backend.tests.test_rbp_api.TestArchitectureEndpoint" name="test_architecture_shell_structure" time="0.121" /><testcase classname="backend.tests.test_rbp_api.TestArchitectureEndpoint" name="test_architecture_shell_transitions" time="0.109" /><testcase classname="backend.tests.test_rbp_api.TestArchitectureEndpoint" name="test_architecture_returns_boundaries" time="0.122" /><testcase classname="backend.tests.test_rbp_api.TestArchitectureEndpoint" name="test_architecture_returns_routes" time="0.103" /><testcase classname="backend.tests.test_rbp_api.TestArchitectureEndpoint" name="test_architecture_public_routes" time="0.102" /><testcase classname="backend.tests.test_rbp_api.TestArchitectureEndpoint" name="test_architecture_auth_routes" time="0.142" /><testcase classname="backend.tests.test_rbp_api.TestArchitectureEndpoint" name="test_architecture_portal_routes" time="0.114" /><testcase classname="backend.tests.test_rbp_api.TestArchitectureEndpoint" name="test_architecture_admin_routes" time="0.100" /><testcase classname="backend.tests.test_rbp_api.TestArchitectureEndpoint" name="test_architecture_frappe_integration" time="0.120" /></testsuite></testsuites>