<?xml version="1.0" encoding="utf-8"?><testsuites name="pytest tests"><testsuite name="pytest" errors="0" failures="0" skipped="0" tests="9" time="1.261" timestamp="2026-04-17T05:13:27.396265+00:00" hostname="agent-env-bb1b6bfe-c23f-44b6-a384-cd5d7d34e8aa"><testcase classname="backend.tests.test_rbp_api.TestHealthEndpoint" name="test_health_returns_ok" time="0.223" /><testcase classname="backend.tests.test_rbp_api.TestNavigationEndpoint" name="test_navigation_returns_primary_items" time="0.107" /><testcase classname="backend.tests.test_rbp_api.TestNavigationEndpoint" name="test_navigation_returns_utility_items" time="0.106" /><testcase classname="backend.tests.test_rbp_api.TestNavigationEndpoint" name="test_navigation_item_structure" time="0.148" /><testcase classname="backend.tests.test_rbp_api.TestRoutesEndpoint" name="test_routes_returns_all_categories" time="0.104" /><testcase classname="backend.tests.test_rbp_api.TestRoutesEndpoint" name="test_public_routes_count" time="0.110" /><testcase classname="backend.tests.test_rbp_api.TestRoutesEndpoint" name="test_auth_routes" time="0.117" /><testcase classname="backend.tests.test_rbp_api.TestRoutesEndpoint" name="test_portal_routes" time="0.117" /><testcase classname="backend.tests.test_rbp_api.TestRoutesEndpoint" name="test_admin_routes" time="0.106" /></testsuite></testsuites>